<?xml version="1.0" encoding="UTF-8"?>
<!-- Generated by org.testng.reporters.JUnitReportReporter -->
<testsuite hostname="DESKTOP-VIELCJO" failures="0" tests="3" name="RestAssured_Non_Bdd.Rest_Get" time="9.777" errors="0" timestamp="2023-01-25T13:22:20 IST" skipped="2">
  <testcase classname="RestAssured_Non_Bdd.Rest_Get" name="Test02_Post" time="9.777"/>
  <system-out/>
  <testcase classname="RestAssured_Non_Bdd.Rest_Get" name="deteleUser">
    <skipped/>
  </testcase> <!-- deteleUser -->
  <system-out/>
  <testcase classname="RestAssured_Non_Bdd.Rest_Get" name="updateUser">
    <skipped/>
  </testcase> <!-- updateUser -->
  <system-out/>
</testsuite> <!-- RestAssured_Non_Bdd.Rest_Get -->
